Build started 4/14/2013 11:27:41 AM.
     1>Project "C:\Users\Louie\Documents\CS 530 Assignment 2\CS 530 Assignment 2\CS 530 Assignment 2\CS 530 Assignment 2.vcxproj" on node 2 (build target(s)).
     1>InitializeBuildStatus:
         Creating "Debug\CS 530 Assignment 2.unsuccessfulbuild" because "AlwaysCreate" was specified.
       ClCompile:
         c:\Program Files (x86)\Microsoft Visual Studio 10.0\VC\bin\CL.exe /c /ZI /nologo /W3 /WX- /Od /Oy- /D WIN32 /D _DEBUG /D _CONSOLE /D _UNICODE /D UNICODE /Gm /EHsc /RTC1 /MDd /GS /fp:precise /Zc:wchar_t /Zc:forScope /Fo"Debug\\" /Fd"Debug\vc100.pdb" /Gd /TP /analyze- /errorReport:prompt Assembler.cpp
         Assembler.cpp
     1>c:\users\louie\documents\cs 530 assignment 2\cs 530 assignment 2\cs 530 assignment 2\assembler.cpp(12): warning C4067: unexpected tokens following preprocessor directive - expected a newline
     1>c:\users\louie\documents\cs 530 assignment 2\cs 530 assignment 2\cs 530 assignment 2\assembler.cpp(36): warning C4996: 'fopen': This function or variable may be unsafe. Consider using fopen_s instead. To disable deprecation, use _CRT_SECURE_NO_WARNINGS. See online help for details.
                 c:\program files (x86)\microsoft visual studio 10.0\vc\include\stdio.h(234) : see declaration of 'fopen'
     1>c:\users\louie\documents\cs 530 assignment 2\cs 530 assignment 2\cs 530 assignment 2\assembler.cpp(64): warning C4996: 'strcpy': This function or variable may be unsafe. Consider using strcpy_s instead. To disable deprecation, use _CRT_SECURE_NO_WARNINGS. See online help for details.
                 c:\program files (x86)\microsoft visual studio 10.0\vc\include\string.h(105) : see declaration of 'strcpy'
     1>c:\users\louie\documents\cs 530 assignment 2\cs 530 assignment 2\cs 530 assignment 2\assembler.cpp(241): warning C4996: 'strcpy': This function or variable may be unsafe. Consider using strcpy_s instead. To disable deprecation, use _CRT_SECURE_NO_WARNINGS. See online help for details.
                 c:\program files (x86)\microsoft visual studio 10.0\vc\include\string.h(105) : see declaration of 'strcpy'
     1>c:\users\louie\documents\cs 530 assignment 2\cs 530 assignment 2\cs 530 assignment 2\assembler.cpp(257): warning C4018: '<' : signed/unsigned mismatch
     1>c:\users\louie\documents\cs 530 assignment 2\cs 530 assignment 2\cs 530 assignment 2\assembler.cpp(277): warning C4996: 'strcat': This function or variable may be unsafe. Consider using strcat_s instead. To disable deprecation, use _CRT_SECURE_NO_WARNINGS. See online help for details.
                 c:\program files (x86)\microsoft visual studio 10.0\vc\include\string.h(110) : see declaration of 'strcat'
     1>c:\users\louie\documents\cs 530 assignment 2\cs 530 assignment 2\cs 530 assignment 2\assembler.cpp(438): warning C4018: '<' : signed/unsigned mismatch
     1>c:\users\louie\documents\cs 530 assignment 2\cs 530 assignment 2\cs 530 assignment 2\assembler.cpp(462): warning C4018: '<' : signed/unsigned mismatch
     1>c:\users\louie\documents\cs 530 assignment 2\cs 530 assignment 2\cs 530 assignment 2\assembler.cpp(518): warning C4996: 'strcpy': This function or variable may be unsafe. Consider using strcpy_s instead. To disable deprecation, use _CRT_SECURE_NO_WARNINGS. See online help for details.
                 c:\program files (x86)\microsoft visual studio 10.0\vc\include\string.h(105) : see declaration of 'strcpy'
     1>c:\users\louie\documents\cs 530 assignment 2\cs 530 assignment 2\cs 530 assignment 2\assembler.cpp(680): warning C4996: 'strcpy': This function or variable may be unsafe. Consider using strcpy_s instead. To disable deprecation, use _CRT_SECURE_NO_WARNINGS. See online help for details.
                 c:\program files (x86)\microsoft visual studio 10.0\vc\include\string.h(105) : see declaration of 'strcpy'
     1>c:\users\louie\documents\cs 530 assignment 2\cs 530 assignment 2\cs 530 assignment 2\assembler.cpp(959): warning C4996: 'sprintf': This function or variable may be unsafe. Consider using sprintf_s instead. To disable deprecation, use _CRT_SECURE_NO_WARNINGS. See online help for details.
                 c:\program files (x86)\microsoft visual studio 10.0\vc\include\stdio.h(371) : see declaration of 'sprintf'
     1>c:\users\louie\documents\cs 530 assignment 2\cs 530 assignment 2\cs 530 assignment 2\assembler.cpp(968): warning C4018: '<' : signed/unsigned mismatch
     1>c:\users\louie\documents\cs 530 assignment 2\cs 530 assignment 2\cs 530 assignment 2\assembler.cpp(974): warning C4996: 'strcpy': This function or variable may be unsafe. Consider using strcpy_s instead. To disable deprecation, use _CRT_SECURE_NO_WARNINGS. See online help for details.
                 c:\program files (x86)\microsoft visual studio 10.0\vc\include\string.h(105) : see declaration of 'strcpy'
     1>c:\users\louie\documents\cs 530 assignment 2\cs 530 assignment 2\cs 530 assignment 2\assembler.cpp(1005): warning C4996: 'strcpy': This function or variable may be unsafe. Consider using strcpy_s instead. To disable deprecation, use _CRT_SECURE_NO_WARNINGS. See online help for details.
                 c:\program files (x86)\microsoft visual studio 10.0\vc\include\string.h(105) : see declaration of 'strcpy'
       ManifestResourceCompile:
         All outputs are up-to-date.
       Link:
         c:\Program Files (x86)\Microsoft Visual Studio 10.0\VC\bin\link.exe /ERRORREPORT:PROMPT /OUT:"C:\Users\Louie\Documents\CS 530 Assignment 2\CS 530 Assignment 2\Debug\CS 530 Assignment 2.exe" /INCREMENTAL /NOLOGO kernel32.lib user32.lib gdi32.lib winspool.lib comdlg32.lib advapi32.lib shell32.lib ole32.lib oleaut32.lib uuid.lib odbc32.lib odbccp32.lib /MANIFEST /ManifestFile:"Debug\CS 530 Assignment 2.exe.intermediate.manifest" /MANIFESTUAC:"level='asInvoker' uiAccess='false'" /DEBUG /PDB:"C:\Users\Louie\Documents\CS 530 Assignment 2\CS 530 Assignment 2\Debug\CS 530 Assignment 2.pdb" /SUBSYSTEM:CONSOLE /TLBID:1 /DYNAMICBASE /NXCOMPAT /IMPLIB:"C:\Users\Louie\Documents\CS 530 Assignment 2\CS 530 Assignment 2\Debug\CS 530 Assignment 2.lib" /MACHINE:X86 "Debug\CS 530 Assignment 2.exe.embed.manifest.res"
         Debug\Assembler.obj
         Debug\Driver.obj
         Debug\InstructionTableDictionary.obj
         Debug\LiteralTableDictionary.obj
         Debug\SymbolTableDictionary.obj /FORCE 
     1>LINK : warning LNK4075: ignoring '/INCREMENTAL' due to '/FORCE' specification
     1>Driver.obj : warning LNK4006: "class std::basic_string<char,struct std::char_traits<char>,class std::allocator<char> > __cdecl IntToHex(int)" (?IntToHex@@YA?AV?$basic_string@DU?$char_traits@D@std@@V?$allocator@D@2@@std@@H@Z) already defined in Assembler.obj; second definition ignored
     1>Driver.obj : warning LNK4006: "class std::map<class std::basic_string<char,struct std::char_traits<char>,class std::allocator<char> >,struct Mnemonic,struct std::less<class std::basic_string<char,struct std::char_traits<char>,class std::allocator<char> > >,class std::allocator<struct std::pair<class std::basic_string<char,struct std::char_traits<char>,class std::allocator<char> > const ,struct Mnemonic> > > InstructionTable" (?InstructionTable@@3V?$map@V?$basic_string@DU?$char_traits@D@std@@V?$allocator@D@2@@std@@UMnemonic@@U?$less@V?$basic_string@DU?$char_traits@D@std@@V?$allocator@D@2@@std@@@2@V?$allocator@U?$pair@$$CBV?$basic_string@DU?$char_traits@D@std@@V?$allocator@D@2@@std@@UMnemonic@@@std@@@2@@std@@A) already defined in Assembler.obj; second definition ignored
     1>InstructionTableDictionary.obj : warning LNK4006: "class std::map<class std::basic_string<char,struct std::char_traits<char>,class std::allocator<char> >,struct Mnemonic,struct std::less<class std::basic_string<char,struct std::char_traits<char>,class std::allocator<char> > >,class std::allocator<struct std::pair<class std::basic_string<char,struct std::char_traits<char>,class std::allocator<char> > const ,struct Mnemonic> > > InstructionTable" (?InstructionTable@@3V?$map@V?$basic_string@DU?$char_traits@D@std@@V?$allocator@D@2@@std@@UMnemonic@@U?$less@V?$basic_string@DU?$char_traits@D@std@@V?$allocator@D@2@@std@@@2@V?$allocator@U?$pair@$$CBV?$basic_string@DU?$char_traits@D@std@@V?$allocator@D@2@@std@@UMnemonic@@@std@@@2@@std@@A) already defined in Assembler.obj; second definition ignored
     1>C:\Users\Louie\Documents\CS 530 Assignment 2\CS 530 Assignment 2\Debug\CS 530 Assignment 2.exe : warning LNK4088: image being generated due to /FORCE option; image may not run
       Manifest:
         C:\Program Files (x86)\Microsoft SDKs\Windows\v7.0A\bin\mt.exe /nologo /verbose /out:"Debug\CS 530 Assignment 2.exe.embed.manifest" /manifest "Debug\CS 530 Assignment 2.exe.intermediate.manifest"
         All outputs are up-to-date.
       LinkEmbedManifest:
         All outputs are up-to-date.
         CS 530 Assignment 2.vcxproj -> C:\Users\Louie\Documents\CS 530 Assignment 2\CS 530 Assignment 2\Debug\CS 530 Assignment 2.exe
       FinalizeBuildStatus:
         Deleting file "Debug\CS 530 Assignment 2.unsuccessfulbuild".
         Touching "Debug\CS 530 Assignment 2.lastbuildstate".
     1>Done Building Project "C:\Users\Louie\Documents\CS 530 Assignment 2\CS 530 Assignment 2\CS 530 Assignment 2\CS 530 Assignment 2.vcxproj" (build target(s)).

Build succeeded.

Time Elapsed 00:00:01.11
