C:\USERS\LOUIE\DOCUMENTS\CS 530 ASSIGNMENT 2\CS 530 ASSIGNMENT 2\CS 530 ASSIGNMENT 2\DEBUG\ASSEMBLER.OBJ
C:\Users\Louie\Documents\CS 530 Assignment 2\CS 530 Assignment 2\CS 530 Assignment 2\Debug\cl.command.1.tlog
C:\Users\Louie\Documents\CS 530 Assignment 2\CS 530 Assignment 2\CS 530 Assignment 2\Debug\CL.read.1.tlog
C:\Users\Louie\Documents\CS 530 Assignment 2\CS 530 Assignment 2\CS 530 Assignment 2\Debug\CL.write.1.tlog
C:\Users\Louie\Documents\CS 530 Assignment 2\CS 530 Assignment 2\CS 530 Assignment 2\Debug\CS 530 Assignment 2.exe.embed.manifest
C:\USERS\LOUIE\DOCUMENTS\CS 530 ASSIGNMENT 2\CS 530 ASSIGNMENT 2\CS 530 ASSIGNMENT 2\DEBUG\CS 530 ASSIGNMENT 2.EXE.EMBED.MANIFEST.RES
C:\Users\Louie\Documents\CS 530 Assignment 2\CS 530 Assignment 2\CS 530 Assignment 2\Debug\CS 530 Assignment 2.exe.intermediate.manifest
C:\Users\Louie\Documents\CS 530 Assignment 2\CS 530 Assignment 2\CS 530 Assignment 2\Debug\CS 530 Assignment 2_manifest.rc
C:\USERS\LOUIE\DOCUMENTS\CS 530 ASSIGNMENT 2\CS 530 ASSIGNMENT 2\CS 530 ASSIGNMENT 2\DEBUG\DRIVER.OBJ
C:\USERS\LOUIE\DOCUMENTS\CS 530 ASSIGNMENT 2\CS 530 ASSIGNMENT 2\CS 530 ASSIGNMENT 2\DEBUG\INSTRUCTIONTABLEDICTIONARY.OBJ
C:\Users\Louie\Documents\CS 530 Assignment 2\CS 530 Assignment 2\CS 530 Assignment 2\Debug\link.command.1.tlog
C:\Users\Louie\Documents\CS 530 Assignment 2\CS 530 Assignment 2\CS 530 Assignment 2\Debug\link.read.1.tlog
C:\Users\Louie\Documents\CS 530 Assignment 2\CS 530 Assignment 2\CS 530 Assignment 2\Debug\link.write.1.tlog
C:\Users\Louie\Documents\CS 530 Assignment 2\CS 530 Assignment 2\CS 530 Assignment 2\Debug\link-cvtres.read.1.tlog
C:\Users\Louie\Documents\CS 530 Assignment 2\CS 530 Assignment 2\CS 530 Assignment 2\Debug\link-cvtres.write.1.tlog
C:\Users\Louie\Documents\CS 530 Assignment 2\CS 530 Assignment 2\CS 530 Assignment 2\Debug\rc.command.1.tlog
C:\Users\Louie\Documents\CS 530 Assignment 2\CS 530 Assignment 2\CS 530 Assignment 2\Debug\rc.read.1.tlog
C:\Users\Louie\Documents\CS 530 Assignment 2\CS 530 Assignment 2\CS 530 Assignment 2\Debug\rc.write.1.tlog
C:\USERS\LOUIE\DOCUMENTS\CS 530 ASSIGNMENT 2\CS 530 ASSIGNMENT 2\CS 530 ASSIGNMENT 2\DEBUG\SYMBOLTABLEDICTIONARY.OBJ
C:\Users\Louie\Documents\CS 530 Assignment 2\CS 530 Assignment 2\CS 530 Assignment 2\Debug\vc100.idb
C:\USERS\LOUIE\DOCUMENTS\CS 530 ASSIGNMENT 2\CS 530 ASSIGNMENT 2\CS 530 ASSIGNMENT 2\DEBUG\VC100.PDB
C:\Users\Louie\Documents\CS 530 Assignment 2\CS 530 Assignment 2\Debug\CS 530 Assignment 2.pdb
